<?xml version="1.0" encoding="UTF-8"?>
<testng-results ignored="0" total="1" passed="1" failed="0" skipped="0">
  <reporter-output>
  </reporter-output>
  <suite started-at="2023-12-27T14:49:06 IST" name="Default suite" finished-at="2023-12-27T14:49:23 IST" duration-ms="17063">
    <groups>
    </groups>
    <test started-at="2023-12-27T14:49:06 IST" name="Default test" finished-at="2023-12-27T14:49:23 IST" duration-ms="17063">
      <class name="hrm.Login_Logout">
        <test-method is-config="true" signature="setup()[pri:0, instance:hrm.Login_Logout@2034b64c]" started-at="2023-12-27T14:49:06 IST" name="setup" finished-at="2023-12-27T14:49:12 IST" duration-ms="5267" status="PASS">
          <reporter-output>
          </reporter-output>
        </test-method> <!-- setup -->
        <test-method signature="login()[pri:0, instance:hrm.Login_Logout@2034b64c]" started-at="2023-12-27T14:49:12 IST" name="login" finished-at="2023-12-27T14:49:23 IST" duration-ms="11520" status="PASS">
          <reporter-output>
          </reporter-output>
        </test-method> <!-- login -->
        <test-method is-config="true" signature="close()[pri:0, instance:hrm.Login_Logout@2034b64c]" started-at="2023-12-27T14:49:23 IST" name="close" finished-at="2023-12-27T14:49:23 IST" duration-ms="209" status="PASS">
          <reporter-output>
          </reporter-output>
        </test-method> <!-- close -->
      </class> <!-- hrm.Login_Logout -->
    </test> <!-- Default test -->
  </suite> <!-- Default suite -->
</testng-results>
